<?xml version="1.0" encoding="UTF-8"?>
<!-- Generated by org.testng.reporters.JUnitReportReporter -->
<testsuite hostname="Mohania" name="autoittesting.Testnggggg" tests="1" failures="0" timestamp="10 Jun 2019 04:07:02 GMT" time="0.004" errors="0">
  <testcase name="test" time="0.004" classname="autoittesting.Testnggggg"/>
</testsuite> <!-- autoittesting.Testnggggg -->
